<?xml version="1.0" encoding="UTF-8"?>
<!-- Generated by org.testng.reporters.JUnitXMLReporter -->
<testsuite ignored="0" hostname="DESKTOP-CPJED95" failures="0" tests="3" name="Default test" time="3.748" errors="0" timestamp="2024-02-17T23:20:15 IST">
  <testcase classname="com.BaseTest.BaseTest" name="applicationLaunch" time="3.398"/>
  <testcase classname="com.OrangeApplicationPagesTests.LoginPageTest" name="OrangeHRMApplicationLoginPAgeLoginPanelValidation" time="0.14"/>
  <testcase classname="com.OrangeApplicationPagesTests.LoginPageTest" name="OrangeHRMApplicationLoginpage_LogoValidation" time="0.126"/>
</testsuite> <!-- Default test -->
