<?xml version="1.0" encoding="UTF-8"?>
<testng-results ignored="0" total="3" passed="3" failed="0" skipped="0">
  <reporter-output>
  </reporter-output>
  <suite started-at="2024-02-17T23:20:12 IST" name="Default suite" finished-at="2024-02-17T23:20:15 IST" duration-ms="3748">
    <groups>
    </groups>
    <test started-at="2024-02-17T23:20:12 IST" name="Default test" finished-at="2024-02-17T23:20:15 IST" duration-ms="3748">
      <class name="com.OrangeApplicationPagesTests.LoginPageTest">
        <test-method signature="applicationLaunch()[pri:0, instance:com.OrangeApplicationPagesTests.LoginPageTest@33bc72d1]" started-at="2024-02-17T23:20:12 IST" name="applicationLaunch" finished-at="2024-02-17T23:20:15 IST" duration-ms="3398" status="PASS">
          <reporter-output>
          </reporter-output>
        </test-method> <!-- applicationLaunch -->
        <test-method signature="OrangeHRMApplicationLoginPAgeLoginPanelValidation()[pri:1, instance:com.OrangeApplicationPagesTests.LoginPageTest@33bc72d1]" started-at="2024-02-17T23:20:15 IST" name="OrangeHRMApplicationLoginPAgeLoginPanelValidation" description="Validating OrangeHRM Application LoginPage Loginpanel Test Text" finished-at="2024-02-17T23:20:15 IST" duration-ms="140" status="PASS">
          <reporter-output>
          </reporter-output>
        </test-method> <!-- OrangeHRMApplicationLoginPAgeLoginPanelValidation -->
        <test-method signature="OrangeHRMApplicationLoginpage_LogoValidation()[pri:2, instance:com.OrangeApplicationPagesTests.LoginPageTest@33bc72d1]" started-at="2024-02-17T23:20:15 IST" name="OrangeHRMApplicationLoginpage_LogoValidation" description="validating OrangeHRM Application Login page Logo  " finished-at="2024-02-17T23:20:15 IST" duration-ms="126" status="PASS">
          <reporter-output>
          </reporter-output>
        </test-method> <!-- OrangeHRMApplicationLoginpage_LogoValidation -->
      </class> <!-- com.OrangeApplicationPagesTests.LoginPageTest -->
    </test> <!-- Default test -->
  </suite> <!-- Default suite -->
</testng-results>
